<?xml version="1.0" encoding="UTF-8"?>
<!-- Generated by org.testng.reporters.JUnitReportReporter -->
<testsuite hostname="DESKTOP-BUC14NO" failures="0" tests="1" name="com.qa.testLayer.HomePageTestCase" time="39.041" errors="0" timestamp="2022-09-11T23:07:54 IST" skipped="0">
  <testcase classname="com.qa.testLayer.HomePageTestCase" name="excuteTestCases" time="39.041"/>
  <system-out/>
</testsuite> <!-- com.qa.testLayer.HomePageTestCase -->
